<?xml version="1.0" encoding="UTF-8"?>
<!-- Generated by org.testng.reporters.JUnitXMLReporter -->
<testsuite ignored="0" hostname="LAPTOP-6PU7QPRN" failures="4" tests="5" name="Test" time="24.453" errors="0" timestamp="26 Feb 2022 12:32:13 GMT">
  <testcase classname="data_driven.Login_User" name="login" time="2.558"/>
  <testcase classname="data_driven.Tutorial_Ninja" name="register" time="1.466">
    <failure type="java.lang.AssertionError" message="expected [Your Account Has Been Created!] but found [Register Account]">
      <![CDATA[java.lang.AssertionError: expected [Your Account Has Been Created!] but found [Register Account]
at data_driven.Tutorial_Ninja.validating_registration(Tutorial_Ninja.java:82)
at data_driven.Tutorial_Ninja.click(Tutorial_Ninja.java:74)
at data_driven.Tutorial_Ninja.register(Tutorial_Ninja.java:62)
... Removed 31 stack frames]]>
    </failure>
  </testcase> <!-- register -->
  <testcase classname="data_driven.Tutorial_Ninja" name="register" time="1.471">
    <failure type="java.lang.AssertionError" message="expected [Your Account Has Been Created!] but found [Register Account]">
      <![CDATA[java.lang.AssertionError: expected [Your Account Has Been Created!] but found [Register Account]
at data_driven.Tutorial_Ninja.validating_registration(Tutorial_Ninja.java:82)
at data_driven.Tutorial_Ninja.click(Tutorial_Ninja.java:74)
at data_driven.Tutorial_Ninja.register(Tutorial_Ninja.java:62)
... Removed 31 stack frames]]>
    </failure>
  </testcase> <!-- register -->
  <testcase classname="data_driven.Tutorial_Ninja" name="register" time="1.49">
    <failure type="java.lang.AssertionError" message="expected [Your Account Has Been Created!] but found [Register Account]">
      <![CDATA[java.lang.AssertionError: expected [Your Account Has Been Created!] but found [Register Account]
at data_driven.Tutorial_Ninja.validating_registration(Tutorial_Ninja.java:82)
at data_driven.Tutorial_Ninja.click(Tutorial_Ninja.java:74)
at data_driven.Tutorial_Ninja.register(Tutorial_Ninja.java:62)
... Removed 31 stack frames]]>
    </failure>
  </testcase> <!-- register -->
  <testcase classname="data_driven.Tutorial_Ninja" name="register" time="1.578">
    <failure type="java.lang.AssertionError" message="expected [Your Account Has Been Created!] but found [Register Account]">
      <![CDATA[java.lang.AssertionError: expected [Your Account Has Been Created!] but found [Register Account]
at data_driven.Tutorial_Ninja.validating_registration(Tutorial_Ninja.java:82)
at data_driven.Tutorial_Ninja.click(Tutorial_Ninja.java:74)
at data_driven.Tutorial_Ninja.register(Tutorial_Ninja.java:62)
... Removed 31 stack frames]]>
    </failure>
  </testcase> <!-- register -->
</testsuite> <!-- Test -->
